Using pre-set license
Built from '2021.3/staging' branch; Version is '2021.3.16f1 (4016570cf34f) revision 4200023'; Using compiler version '192829333'; Build Type 'Release'
OS: 'Windows 10  (10.0.19044) 64bit Core' Language: 'en' Physical Memory: 16189 MB
BatchMode: 1, IsHumanControllingUs: 0, StartBugReporterOnCrash: 0, Is64bit: 1, IsPro: 1

COMMAND LINE ARGUMENTS:
C:\Program Files\Unity\Hub\Editor\2021.3.16f1\Editor\Unity.exe
-adb2
-batchMode
-noUpm
-name
AssetImportWorker0
-projectPath
C:/Users/tmonc/Documents/GitHub/Conquest_Of_The_West
-logFile
Logs/AssetImportWorker0.log
-srvPort
54465
Successfully changed project path to: C:/Users/tmonc/Documents/GitHub/Conquest_Of_The_West
C:/Users/tmonc/Documents/GitHub/Conquest_Of_The_West
[UnityMemory] Configuration Parameters - Can be set up in boot.config
    "memorysetup-bucket-allocator-granularity=16"
    "memorysetup-bucket-allocator-bucket-count=8"
    "memorysetup-bucket-allocator-block-size=33554432"
    "memorysetup-bucket-allocator-block-count=8"
    "memorysetup-main-allocator-block-size=16777216"
    "memorysetup-thread-allocator-block-size=16777216"
    "memorysetup-gfx-main-allocator-block-size=16777216"
    "memorysetup-gfx-thread-allocator-block-size=16777216"
    "memorysetup-cache-allocator-block-size=4194304"
    "memorysetup-typetree-allocator-block-size=2097152"
    "memorysetup-profiler-bucket-allocator-granularity=16"
    "memorysetup-profiler-bucket-allocator-bucket-count=8"
    "memorysetup-profiler-bucket-allocator-block-size=33554432"
    "memorysetup-profiler-bucket-allocator-block-count=8"
    "memorysetup-profiler-allocator-block-size=16777216"
    "memorysetup-profiler-editor-allocator-block-size=1048576"
    "memorysetup-temp-allocator-size-main=16777216"
    "memorysetup-job-temp-allocator-block-size=2097152"
    "memorysetup-job-temp-allocator-block-size-background=1048576"
    "memorysetup-job-temp-allocator-reduction-small-platforms=262144"
    "memorysetup-temp-allocator-size-background-worker=32768"
    "memorysetup-temp-allocator-size-job-worker=262144"
    "memorysetup-temp-allocator-size-preload-manager=33554432"
    "memorysetup-temp-allocator-size-nav-mesh-worker=65536"
    "memorysetup-temp-allocator-size-audio-worker=65536"
    "memorysetup-temp-allocator-size-cloud-worker=32768"
    "memorysetup-temp-allocator-size-gi-baking-worker=262144"
    "memorysetup-temp-allocator-size-gfx=262144"
Player connection [16660] Host "[IP] 10.0.141.188 [Port] 0 [Flags] 2 [Guid] 705874551 [EditorId] 705874551 [Version] 1048832 [Id] WindowsEditor(7,DESKTOP-OB9D3NI) [Debug] 1 [PackageName] WindowsEditor [ProjectName] Editor" joined multi-casting on [225.0.0.222:54997]...

Player connection [16660] Host "[IP] 10.0.141.188 [Port] 0 [Flags] 2 [Guid] 705874551 [EditorId] 705874551 [Version] 1048832 [Id] WindowsEditor(7,DESKTOP-OB9D3NI) [Debug] 1 [PackageName] WindowsEditor [ProjectName] Editor" joined alternative multi-casting on [225.0.0.222:34997]...

Refreshing native plugins compatible for Editor in 341.19 ms, found 3 plugins.
Preloading 0 native plugins for Editor in 0.00 ms.
Initialize engine version: 2021.3.16f1 (4016570cf34f)
[Subsystems] Discovering subsystems at path C:/Program Files/Unity/Hub/Editor/2021.3.16f1/Editor/Data/Resources/UnitySubsystems
[Subsystems] Discovering subsystems at path C:/Users/tmonc/Documents/GitHub/Conquest_Of_The_West/Assets
GfxDevice: creating device client; threaded=0; jobified=0
Direct3D:
    Version:  Direct3D 11.0 [level 11.1]
    Renderer: Intel(R) UHD Graphics 605 (ID=0x3184)
    Vendor:   Intel
    VRAM:     8094 MB
    Driver:   30.0.101.1631
Initialize mono
Mono path[0] = 'C:/Program Files/Unity/Hub/Editor/2021.3.16f1/Editor/Data/Managed'
Mono path[1] = 'C:/Program Files/Unity/Hub/Editor/2021.3.16f1/Editor/Data/MonoBleedingEdge/lib/mono/unityjit-win32'
Mono config path = 'C:/Program Files/Unity/Hub/Editor/2021.3.16f1/Editor/Data/MonoBleedingEdge/etc'
Using monoOptions --debugger-agent=transport=dt_socket,embedding=1,server=y,suspend=n,address=127.0.0.1:56192
Begin MonoManager ReloadAssembly
Registering precompiled unity dll's ...
Register platform support module: C:/Program Files/Unity/Hub/Editor/2021.3.16f1/Editor/Data/PlaybackEngines/WebGLSupport/UnityEditor.WebGL.Extensions.dll
Register platform support module: C:/Program Files/Unity/Hub/Editor/2021.3.16f1/Editor/Data/PlaybackEngines/WindowsStandaloneSupport/UnityEditor.WindowsStandalone.Extensions.dll
Registered in 0.024726 seconds.
Native extension for WindowsStandalone target not found
Native extension for WebGL target not found
Refreshing native plugins compatible for Editor in 512.32 ms, found 3 plugins.
Preloading 0 native plugins for Editor in 0.00 ms.
Mono: successfully reloaded assembly
- Completed reload, in  2.445 seconds
Domain Reload Profiling:
	ReloadAssembly (2446ms)
		BeginReloadAssembly (225ms)
			ExecutionOrderSort (0ms)
			DisableScriptedObjects (0ms)
			BackupInstance (0ms)
			ReleaseScriptingObjects (0ms)
			CreateAndSetChildDomain (2ms)
		EndReloadAssembly (1857ms)
			LoadAssemblies (219ms)
			RebuildTransferFunctionScriptingTraits (0ms)
			SetupTypeCache (369ms)
			ReleaseScriptCaches (0ms)
			RebuildScriptCaches (95ms)
			SetupLoadedEditorAssemblies (1190ms)
				LogAssemblyErrors (0ms)
				InitializePlatformSupportModulesInManaged (32ms)
				SetLoadedEditorAssemblies (0ms)
				RefreshPlugins (513ms)
				BeforeProcessingInitializeOnLoad (4ms)
				ProcessInitializeOnLoadAttributes (475ms)
				ProcessInitializeOnLoadMethodAttributes (161ms)
				AfterProcessingInitializeOnLoad (0ms)
				EditorAssembliesLoaded (5ms)
			ExecutionOrderSort2 (0ms)
			AwakeInstancesAfterBackupRestoration (0ms)
Platform modules already initialized, skipping
Registering precompiled user dll's ...
Registered in 0.020712 seconds.
Begin MonoManager ReloadAssembly
Symbol file LoadedFromMemory doesn't match image C:\Users\tmonc\Documents\GitHub\Conquest_Of_The_West\Library\PackageCache\com.unity.visualscripting@1.7.8\Editor\VisualScripting.Core\Dependencies\YamlDotNet\Unity.VisualScripting.YamlDotNet.dll
Symbol file LoadedFromMemory doesn't match image C:\Users\tmonc\Documents\GitHub\Conquest_Of_The_West\Library\PackageCache\com.unity.visualscripting@1.7.8\Editor\VisualScripting.Core\Dependencies\DotNetZip\Unity.VisualScripting.IonicZip.dll
Native extension for WindowsStandalone target not found
Native extension for WebGL target not found
Refreshing native plugins compatible for Editor in 3.46 ms, found 3 plugins.
Preloading 0 native plugins for Editor in 0.00 ms.
Mono: successfully reloaded assembly
- Completed reload, in  4.648 seconds
Domain Reload Profiling:
	ReloadAssembly (4654ms)
		BeginReloadAssembly (358ms)
			ExecutionOrderSort (0ms)
			DisableScriptedObjects (16ms)
			BackupInstance (0ms)
			ReleaseScriptingObjects (0ms)
			CreateAndSetChildDomain (48ms)
		EndReloadAssembly (3741ms)
			LoadAssemblies (389ms)
			RebuildTransferFunctionScriptingTraits (0ms)
			SetupTypeCache (1219ms)
			ReleaseScriptCaches (2ms)
			RebuildScriptCaches (206ms)
			SetupLoadedEditorAssemblies (1764ms)
				LogAssemblyErrors (0ms)
				InitializePlatformSupportModulesInManaged (22ms)
				SetLoadedEditorAssemblies (1ms)
				RefreshPlugins (4ms)
				BeforeProcessingInitializeOnLoad (347ms)
				ProcessInitializeOnLoadAttributes (1225ms)
				ProcessInitializeOnLoadMethodAttributes (115ms)
				AfterProcessingInitializeOnLoad (49ms)
				EditorAssembliesLoaded (1ms)
			ExecutionOrderSort2 (0ms)
			AwakeInstancesAfterBackupRestoration (29ms)
Platform modules already initialized, skipping
========================================================================
Worker process is ready to serve import requests
Launched and connected shader compiler UnityShaderCompiler.exe after 0.18 seconds
Refreshing native plugins compatible for Editor in 2.05 ms, found 3 plugins.
Preloading 0 native plugins for Editor in 0.00 ms.
Unloading 3579 Unused Serialized files (Serialized files now loaded: 0)
Unloading 38 unused Assets / (1.2 MB). Loaded Objects now: 4056.
Memory consumption went from 158.0 MB to 156.8 MB.
Total: 28.670900 ms (FindLiveObjects: 1.542200 ms CreateObjectMapping: 1.192500 ms MarkObjects: 25.184600 ms  DeleteObjects: 0.748200 ms)

AssetImportParameters requested are different than current active one (requested -> active):
  custom:video-decoder-ogg-theora: a1e56fd34408186e4bbccfd4996cb3dc -> 
  custom:container-muxer-webm: aa71ff27fc2769a1b78a27578f13a17b -> 
  custom:container-demuxer-webm: 4f35f7cbe854078d1ac9338744f61a02 -> 
  custom:video-encoder-webm-vp8: eb34c28f22e8b96e1ab97ce403110664 -> 
  custom:audio-encoder-webm-vorbis: bf7c407c2cedff20999df2af8eb42d56 -> 
  custom:framework-win-MediaFoundation: 216162199b28c13a410421893ffa2e32 -> 
  custom:container-demuxer-ogg: 62fdf1f143b41e24485cea50d1cbac27 -> 
  custom:video-decoder-webm-vp8: 9c59270c3fd7afecdb556c50c9e8de78 -> 
  custom:audio-decoder-ogg-vorbis: bf7c407c2cedff20999df2af8eb42d56 -> 
========================================================================
Received Import Request.
  Time since last request: 785175.257523 seconds.
  path: Assets/Stylized_Pirate_Ship
  artifactKey: Guid(8be811f59e27ad747895c53870f85b5f) Importer(815301076,1909f56bfc062723c751e8b465ee728b)
Start importing Assets/Stylized_Pirate_Ship using Guid(8be811f59e27ad747895c53870f85b5f) Importer(815301076,1909f56bfc062723c751e8b465ee728b)  -> (artifact id: '7b6292f58fac14c4a35558628513a4a7') in 0.018374 seconds 
========================================================================
Received Import Request.
  Time since last request: 0.000063 seconds.
  path: Assets/Stylized_Pirate_Ship/StylShip_Unity.prefab
  artifactKey: Guid(a1dcd447bfbb3bc45821f8b436c031d2) Importer(815301076,1909f56bfc062723c751e8b465ee728b)
Start importing Assets/Stylized_Pirate_Ship/StylShip_Unity.prefab using Guid(a1dcd447bfbb3bc45821f8b436c031d2) Importer(815301076,1909f56bfc062723c751e8b465ee728b)  -> (artifact id: '8d7bb46d311c69b7627198aea259cddf') in 2.747018 seconds 
========================================================================
Received Import Request.
  Time since last request: 4600.477087 seconds.
  path: Assets/Stylized_Pirate_Ship/StylShip_Unity.prefab
  artifactKey: Guid(a1dcd447bfbb3bc45821f8b436c031d2) Importer(815301076,1909f56bfc062723c751e8b465ee728b)
Start importing Assets/Stylized_Pirate_Ship/StylShip_Unity.prefab using Guid(a1dcd447bfbb3bc45821f8b436c031d2) Importer(815301076,1909f56bfc062723c751e8b465ee728b)  -> (artifact id: '2f4f82aa64a92330b48d3530b0396434') in 0.809589 seconds 
========================================================================
Received Import Request.
  Time since last request: 2.735591 seconds.
  path: Assets/Stylized_Pirate_Ship/StylShip_Unity.prefab
  artifactKey: Guid(a1dcd447bfbb3bc45821f8b436c031d2) Importer(815301076,1909f56bfc062723c751e8b465ee728b)
Start importing Assets/Stylized_Pirate_Ship/StylShip_Unity.prefab using Guid(a1dcd447bfbb3bc45821f8b436c031d2) Importer(815301076,1909f56bfc062723c751e8b465ee728b)  -> (artifact id: '47ee37956b6f3fb0497598bfad7a8ac7') in 0.753115 seconds 
========================================================================
Received Import Request.
  Time since last request: 5.425255 seconds.
  path: Assets/Stylized_Pirate_Ship/StylShip_Unity.prefab
  artifactKey: Guid(a1dcd447bfbb3bc45821f8b436c031d2) Importer(815301076,1909f56bfc062723c751e8b465ee728b)
Start importing Assets/Stylized_Pirate_Ship/StylShip_Unity.prefab using Guid(a1dcd447bfbb3bc45821f8b436c031d2) Importer(815301076,1909f56bfc062723c751e8b465ee728b)  -> (artifact id: '0ed3b3d4c2dfcc00800807abe12c32d2') in 0.456534 seconds 
========================================================================
Received Import Request.
  Time since last request: 10.535014 seconds.
  path: Assets/Stylized_Pirate_Ship/StylShip_Unity.prefab
  artifactKey: Guid(a1dcd447bfbb3bc45821f8b436c031d2) Importer(815301076,1909f56bfc062723c751e8b465ee728b)
Start importing Assets/Stylized_Pirate_Ship/StylShip_Unity.prefab using Guid(a1dcd447bfbb3bc45821f8b436c031d2) Importer(815301076,1909f56bfc062723c751e8b465ee728b)  -> (artifact id: '2eddd2ee822c960c180bfb800452f5a9') in 0.578804 seconds 
========================================================================
Received Import Request.
  Time since last request: 1.974071 seconds.
  path: Assets/Stylized_Pirate_Ship/StylShip_Unity.prefab
  artifactKey: Guid(a1dcd447bfbb3bc45821f8b436c031d2) Importer(815301076,1909f56bfc062723c751e8b465ee728b)
Start importing Assets/Stylized_Pirate_Ship/StylShip_Unity.prefab using Guid(a1dcd447bfbb3bc45821f8b436c031d2) Importer(815301076,1909f56bfc062723c751e8b465ee728b)  -> (artifact id: 'c363d87798865c10c7c43f09ad0a8f22') in 0.485080 seconds 
========================================================================
Received Import Request.
  Time since last request: 2.726616 seconds.
  path: Assets/Stylized_Pirate_Ship/StylShip_Unity.prefab
  artifactKey: Guid(a1dcd447bfbb3bc45821f8b436c031d2) Importer(815301076,1909f56bfc062723c751e8b465ee728b)
Start importing Assets/Stylized_Pirate_Ship/StylShip_Unity.prefab using Guid(a1dcd447bfbb3bc45821f8b436c031d2) Importer(815301076,1909f56bfc062723c751e8b465ee728b)  -> (artifact id: '7198910cd4fd5bc78a8eb078cccd639d') in 0.446916 seconds 
========================================================================
Received Import Request.
  Time since last request: 2.723106 seconds.
  path: Assets/Stylized_Pirate_Ship/StylShip_Unity.prefab
  artifactKey: Guid(a1dcd447bfbb3bc45821f8b436c031d2) Importer(815301076,1909f56bfc062723c751e8b465ee728b)
Start importing Assets/Stylized_Pirate_Ship/StylShip_Unity.prefab using Guid(a1dcd447bfbb3bc45821f8b436c031d2) Importer(815301076,1909f56bfc062723c751e8b465ee728b)  -> (artifact id: 'f487d983d32daae00a7368f05ae7e5c3') in 0.751980 seconds 
========================================================================
Received Import Request.
  Time since last request: 1.355627 seconds.
  path: Assets/Stylized_Pirate_Ship/StylShip_Unity.prefab
  artifactKey: Guid(a1dcd447bfbb3bc45821f8b436c031d2) Importer(815301076,1909f56bfc062723c751e8b465ee728b)
Start importing Assets/Stylized_Pirate_Ship/StylShip_Unity.prefab using Guid(a1dcd447bfbb3bc45821f8b436c031d2) Importer(815301076,1909f56bfc062723c751e8b465ee728b)  -> (artifact id: '7ef45bf5a35a9755a667013f6a79dc33') in 0.503721 seconds 
========================================================================
Received Import Request.
  Time since last request: 5.942452 seconds.
  path: Assets/Stylized_Pirate_Ship/StylShip_Unity.prefab
  artifactKey: Guid(a1dcd447bfbb3bc45821f8b436c031d2) Importer(815301076,1909f56bfc062723c751e8b465ee728b)
Start importing Assets/Stylized_Pirate_Ship/StylShip_Unity.prefab using Guid(a1dcd447bfbb3bc45821f8b436c031d2) Importer(815301076,1909f56bfc062723c751e8b465ee728b)  -> (artifact id: '424308edc4fe7346e068e883a5466a9e') in 0.596418 seconds 
========================================================================
Received Import Request.
  Time since last request: 8.916906 seconds.
  path: Assets/Stylized_Pirate_Ship/StylShip_Unity.prefab
  artifactKey: Guid(a1dcd447bfbb3bc45821f8b436c031d2) Importer(815301076,1909f56bfc062723c751e8b465ee728b)
Start importing Assets/Stylized_Pirate_Ship/StylShip_Unity.prefab using Guid(a1dcd447bfbb3bc45821f8b436c031d2) Importer(815301076,1909f56bfc062723c751e8b465ee728b)  -> (artifact id: 'c3820401a4c20a45fbd2980d0b6ea29b') in 0.515528 seconds 
========================================================================
Received Import Request.
  Time since last request: 1.292170 seconds.
  path: Assets/Stylized_Pirate_Ship/StylShip_Unity.prefab
  artifactKey: Guid(a1dcd447bfbb3bc45821f8b436c031d2) Importer(815301076,1909f56bfc062723c751e8b465ee728b)
Start importing Assets/Stylized_Pirate_Ship/StylShip_Unity.prefab using Guid(a1dcd447bfbb3bc45821f8b436c031d2) Importer(815301076,1909f56bfc062723c751e8b465ee728b)  -> (artifact id: '4bca2d883ae1ab4c7631a14434787d2b') in 0.716811 seconds 
========================================================================
Received Import Request.
  Time since last request: 3.385028 seconds.
  path: Assets/Stylized_Pirate_Ship/StylShip_Unity.prefab
  artifactKey: Guid(a1dcd447bfbb3bc45821f8b436c031d2) Importer(815301076,1909f56bfc062723c751e8b465ee728b)
Start importing Assets/Stylized_Pirate_Ship/StylShip_Unity.prefab using Guid(a1dcd447bfbb3bc45821f8b436c031d2) Importer(815301076,1909f56bfc062723c751e8b465ee728b)  -> (artifact id: 'be12484724995dcb7f4a49e0b75007a1') in 0.396693 seconds 
========================================================================
Received Import Request.
  Time since last request: 1.924136 seconds.
  path: Assets/Stylized_Pirate_Ship/StylShip_Unity.prefab
  artifactKey: Guid(a1dcd447bfbb3bc45821f8b436c031d2) Importer(815301076,1909f56bfc062723c751e8b465ee728b)
Start importing Assets/Stylized_Pirate_Ship/StylShip_Unity.prefab using Guid(a1dcd447bfbb3bc45821f8b436c031d2) Importer(815301076,1909f56bfc062723c751e8b465ee728b)  -> (artifact id: '2b3f3dbf3bb6b5214e405368f00bdb0d') in 0.501734 seconds 
========================================================================
Received Import Request.
  Time since last request: 9.306783 seconds.
  path: Assets/Stylized_Pirate_Ship/StylShip_Unity.prefab
  artifactKey: Guid(a1dcd447bfbb3bc45821f8b436c031d2) Importer(815301076,1909f56bfc062723c751e8b465ee728b)
Start importing Assets/Stylized_Pirate_Ship/StylShip_Unity.prefab using Guid(a1dcd447bfbb3bc45821f8b436c031d2) Importer(815301076,1909f56bfc062723c751e8b465ee728b)  -> (artifact id: '65f6ecf153670c03c8c8c39d4c90a23d') in 0.695062 seconds 
========================================================================
Received Import Request.
  Time since last request: 3.590937 seconds.
  path: Assets/Stylized_Pirate_Ship/StylShip_Unity.prefab
  artifactKey: Guid(a1dcd447bfbb3bc45821f8b436c031d2) Importer(815301076,1909f56bfc062723c751e8b465ee728b)
Start importing Assets/Stylized_Pirate_Ship/StylShip_Unity.prefab using Guid(a1dcd447bfbb3bc45821f8b436c031d2) Importer(815301076,1909f56bfc062723c751e8b465ee728b)  -> (artifact id: '8d5f06a7ee2496e0aa21b13b0db2a97d') in 0.519915 seconds 
========================================================================
Received Import Request.
  Time since last request: 3.675493 seconds.
  path: Assets/Stylized_Pirate_Ship/StylShip_Unity.prefab
  artifactKey: Guid(a1dcd447bfbb3bc45821f8b436c031d2) Importer(815301076,1909f56bfc062723c751e8b465ee728b)
Start importing Assets/Stylized_Pirate_Ship/StylShip_Unity.prefab using Guid(a1dcd447bfbb3bc45821f8b436c031d2) Importer(815301076,1909f56bfc062723c751e8b465ee728b)  -> (artifact id: '11907cbaa6e969258b729d185358250a') in 0.628167 seconds 
========================================================================
Received Import Request.
  Time since last request: 5.933309 seconds.
  path: Assets/Stylized_Pirate_Ship/StylShip_Unity.prefab
  artifactKey: Guid(a1dcd447bfbb3bc45821f8b436c031d2) Importer(815301076,1909f56bfc062723c751e8b465ee728b)
Start importing Assets/Stylized_Pirate_Ship/StylShip_Unity.prefab using Guid(a1dcd447bfbb3bc45821f8b436c031d2) Importer(815301076,1909f56bfc062723c751e8b465ee728b)  -> (artifact id: '1470b4da93c36f494481d18b18f3a5c1') in 0.547855 seconds 
========================================================================
Received Import Request.
  Time since last request: 2.916335 seconds.
  path: Assets/Stylized_Pirate_Ship/StylShip_Unity.prefab
  artifactKey: Guid(a1dcd447bfbb3bc45821f8b436c031d2) Importer(815301076,1909f56bfc062723c751e8b465ee728b)
Start importing Assets/Stylized_Pirate_Ship/StylShip_Unity.prefab using Guid(a1dcd447bfbb3bc45821f8b436c031d2) Importer(815301076,1909f56bfc062723c751e8b465ee728b)  -> (artifact id: '2f91b5fc1258adb37cf2b1372e859753') in 0.513701 seconds 
========================================================================
Received Import Request.
  Time since last request: 4.236545 seconds.
  path: Assets/Stylized_Pirate_Ship/StylShip_Unity.prefab
  artifactKey: Guid(a1dcd447bfbb3bc45821f8b436c031d2) Importer(815301076,1909f56bfc062723c751e8b465ee728b)
Start importing Assets/Stylized_Pirate_Ship/StylShip_Unity.prefab using Guid(a1dcd447bfbb3bc45821f8b436c031d2) Importer(815301076,1909f56bfc062723c751e8b465ee728b)  -> (artifact id: '5fc6219e879b488a1a87a7ff84bffaeb') in 0.555407 seconds 
========================================================================
Received Import Request.
  Time since last request: 2.592403 seconds.
  path: Assets/Stylized_Pirate_Ship/StylShip_Unity.prefab
  artifactKey: Guid(a1dcd447bfbb3bc45821f8b436c031d2) Importer(815301076,1909f56bfc062723c751e8b465ee728b)
Start importing Assets/Stylized_Pirate_Ship/StylShip_Unity.prefab using Guid(a1dcd447bfbb3bc45821f8b436c031d2) Importer(815301076,1909f56bfc062723c751e8b465ee728b)  -> (artifact id: '72abfe7ff860d43f82d81196d5899ba0') in 0.702039 seconds 
========================================================================
Received Import Request.
  Time since last request: 6.797030 seconds.
  path: Assets/Stylized_Pirate_Ship/StylShip_Unity.prefab
  artifactKey: Guid(a1dcd447bfbb3bc45821f8b436c031d2) Importer(815301076,1909f56bfc062723c751e8b465ee728b)
Start importing Assets/Stylized_Pirate_Ship/StylShip_Unity.prefab using Guid(a1dcd447bfbb3bc45821f8b436c031d2) Importer(815301076,1909f56bfc062723c751e8b465ee728b)  -> (artifact id: '73fa780f5f4173b484e6657cabcd108c') in 0.646416 seconds 
========================================================================
Received Import Request.
  Time since last request: 7.310055 seconds.
  path: Assets/Stylized_Pirate_Ship/StylShip_Unity.prefab
  artifactKey: Guid(a1dcd447bfbb3bc45821f8b436c031d2) Importer(815301076,1909f56bfc062723c751e8b465ee728b)
Start importing Assets/Stylized_Pirate_Ship/StylShip_Unity.prefab using Guid(a1dcd447bfbb3bc45821f8b436c031d2) Importer(815301076,1909f56bfc062723c751e8b465ee728b)  -> (artifact id: '7795e75618afaefc008cacb174c6d72e') in 0.638158 seconds 
========================================================================
Received Import Request.
  Time since last request: 1.933529 seconds.
  path: Assets/Stylized_Pirate_Ship/StylShip_Unity.prefab
  artifactKey: Guid(a1dcd447bfbb3bc45821f8b436c031d2) Importer(815301076,1909f56bfc062723c751e8b465ee728b)
Start importing Assets/Stylized_Pirate_Ship/StylShip_Unity.prefab using Guid(a1dcd447bfbb3bc45821f8b436c031d2) Importer(815301076,1909f56bfc062723c751e8b465ee728b)  -> (artifact id: '8c7331777014382b02790a4c5608a84b') in 0.584850 seconds 
========================================================================
Received Import Request.
  Time since last request: 5.614436 seconds.
  path: Assets/Stylized_Pirate_Ship/StylShip_Unity.prefab
  artifactKey: Guid(a1dcd447bfbb3bc45821f8b436c031d2) Importer(815301076,1909f56bfc062723c751e8b465ee728b)
Start importing Assets/Stylized_Pirate_Ship/StylShip_Unity.prefab using Guid(a1dcd447bfbb3bc45821f8b436c031d2) Importer(815301076,1909f56bfc062723c751e8b465ee728b)  -> (artifact id: '33bd0a70b60953a90390da16c7f820da') in 0.315175 seconds 
========================================================================
Received Import Request.
  Time since last request: 12.660588 seconds.
  path: Assets/Stylized_Pirate_Ship/StylShip_Unity.prefab
  artifactKey: Guid(a1dcd447bfbb3bc45821f8b436c031d2) Importer(815301076,1909f56bfc062723c751e8b465ee728b)
Start importing Assets/Stylized_Pirate_Ship/StylShip_Unity.prefab using Guid(a1dcd447bfbb3bc45821f8b436c031d2) Importer(815301076,1909f56bfc062723c751e8b465ee728b)  -> (artifact id: '8b27bc902b0efb9e42e4a0b8a5548706') in 0.670785 seconds 
========================================================================
Received Import Request.
  Time since last request: 2.060748 seconds.
  path: Assets/Stylized_Pirate_Ship/StylShip_Unity.prefab
  artifactKey: Guid(a1dcd447bfbb3bc45821f8b436c031d2) Importer(815301076,1909f56bfc062723c751e8b465ee728b)
Start importing Assets/Stylized_Pirate_Ship/StylShip_Unity.prefab using Guid(a1dcd447bfbb3bc45821f8b436c031d2) Importer(815301076,1909f56bfc062723c751e8b465ee728b)  -> (artifact id: 'e05e0a394ceefe88375cad9c214ee171') in 0.616491 seconds 
========================================================================
Received Import Request.
  Time since last request: 2.878269 seconds.
  path: Assets/Stylized_Pirate_Ship/StylShip_Unity.prefab
  artifactKey: Guid(a1dcd447bfbb3bc45821f8b436c031d2) Importer(815301076,1909f56bfc062723c751e8b465ee728b)
Start importing Assets/Stylized_Pirate_Ship/StylShip_Unity.prefab using Guid(a1dcd447bfbb3bc45821f8b436c031d2) Importer(815301076,1909f56bfc062723c751e8b465ee728b)  -> (artifact id: '7c5c150fad611a4ae27bd09c5b6be2b8') in 0.741569 seconds 
========================================================================
Received Import Request.
  Time since last request: 10.099372 seconds.
  path: Assets/Stylized_Pirate_Ship/StylShip_Unity.prefab
  artifactKey: Guid(a1dcd447bfbb3bc45821f8b436c031d2) Importer(815301076,1909f56bfc062723c751e8b465ee728b)
Start importing Assets/Stylized_Pirate_Ship/StylShip_Unity.prefab using Guid(a1dcd447bfbb3bc45821f8b436c031d2) Importer(815301076,1909f56bfc062723c751e8b465ee728b)  -> (artifact id: '0a8cb9955a86ac26970ec0fd683d84df') in 0.529582 seconds 
========================================================================
Received Import Request.
  Time since last request: 4.267406 seconds.
  path: Assets/Stylized_Pirate_Ship/StylShip_Unity.prefab
  artifactKey: Guid(a1dcd447bfbb3bc45821f8b436c031d2) Importer(815301076,1909f56bfc062723c751e8b465ee728b)
Start importing Assets/Stylized_Pirate_Ship/StylShip_Unity.prefab using Guid(a1dcd447bfbb3bc45821f8b436c031d2) Importer(815301076,1909f56bfc062723c751e8b465ee728b)  -> (artifact id: '52441d8890a32c22801bf546189d4742') in 0.485617 seconds 
========================================================================
Received Import Request.
  Time since last request: 6.470976 seconds.
  path: Assets/Stylized_Pirate_Ship/StylShip_Unity.prefab
  artifactKey: Guid(a1dcd447bfbb3bc45821f8b436c031d2) Importer(815301076,1909f56bfc062723c751e8b465ee728b)
Start importing Assets/Stylized_Pirate_Ship/StylShip_Unity.prefab using Guid(a1dcd447bfbb3bc45821f8b436c031d2) Importer(815301076,1909f56bfc062723c751e8b465ee728b)  -> (artifact id: '6c43052f4bcdfa89308c5fb9f6fa0dc2') in 0.725775 seconds 
========================================================================
Received Import Request.
  Time since last request: 4.471236 seconds.
  path: Assets/Stylized_Pirate_Ship/StylShip_Unity.prefab
  artifactKey: Guid(a1dcd447bfbb3bc45821f8b436c031d2) Importer(815301076,1909f56bfc062723c751e8b465ee728b)
Start importing Assets/Stylized_Pirate_Ship/StylShip_Unity.prefab using Guid(a1dcd447bfbb3bc45821f8b436c031d2) Importer(815301076,1909f56bfc062723c751e8b465ee728b)  -> (artifact id: '99eb44ed8396be848582740b6ede2aab') in 0.494931 seconds 
========================================================================
Received Import Request.
  Time since last request: 2.798153 seconds.
  path: Assets/Stylized_Pirate_Ship/StylShip_Unity.prefab
  artifactKey: Guid(a1dcd447bfbb3bc45821f8b436c031d2) Importer(815301076,1909f56bfc062723c751e8b465ee728b)
Start importing Assets/Stylized_Pirate_Ship/StylShip_Unity.prefab using Guid(a1dcd447bfbb3bc45821f8b436c031d2) Importer(815301076,1909f56bfc062723c751e8b465ee728b)  -> (artifact id: '2596b863e1ac57bfbf488c560e352425') in 0.513885 seconds 
========================================================================
Received Import Request.
  Time since last request: 3.530925 seconds.
  path: Assets/Stylized_Pirate_Ship/StylShip_Unity.prefab
  artifactKey: Guid(a1dcd447bfbb3bc45821f8b436c031d2) Importer(815301076,1909f56bfc062723c751e8b465ee728b)
Start importing Assets/Stylized_Pirate_Ship/StylShip_Unity.prefab using Guid(a1dcd447bfbb3bc45821f8b436c031d2) Importer(815301076,1909f56bfc062723c751e8b465ee728b)  -> (artifact id: 'f22b9f9021ce436089deefb4ae211e7b') in 0.515806 seconds 
========================================================================
Received Import Request.
  Time since last request: 1.925720 seconds.
  path: Assets/Stylized_Pirate_Ship/StylShip_Unity.prefab
  artifactKey: Guid(a1dcd447bfbb3bc45821f8b436c031d2) Importer(815301076,1909f56bfc062723c751e8b465ee728b)
Start importing Assets/Stylized_Pirate_Ship/StylShip_Unity.prefab using Guid(a1dcd447bfbb3bc45821f8b436c031d2) Importer(815301076,1909f56bfc062723c751e8b465ee728b)  -> (artifact id: '4937cfc1f1851cb6a005887b31673596') in 0.649143 seconds 
========================================================================
Received Import Request.
  Time since last request: 3.020170 seconds.
  path: Assets/Stylized_Pirate_Ship/StylShip_Unity.prefab
  artifactKey: Guid(a1dcd447bfbb3bc45821f8b436c031d2) Importer(815301076,1909f56bfc062723c751e8b465ee728b)
Start importing Assets/Stylized_Pirate_Ship/StylShip_Unity.prefab using Guid(a1dcd447bfbb3bc45821f8b436c031d2) Importer(815301076,1909f56bfc062723c751e8b465ee728b)  -> (artifact id: '01e6e713497d98663906368a975fae01') in 0.490826 seconds 
========================================================================
Received Import Request.
  Time since last request: 2.372882 seconds.
  path: Assets/Stylized_Pirate_Ship/StylShip_Unity.prefab
  artifactKey: Guid(a1dcd447bfbb3bc45821f8b436c031d2) Importer(815301076,1909f56bfc062723c751e8b465ee728b)
Start importing Assets/Stylized_Pirate_Ship/StylShip_Unity.prefab using Guid(a1dcd447bfbb3bc45821f8b436c031d2) Importer(815301076,1909f56bfc062723c751e8b465ee728b)  -> (artifact id: '5a2eda04e35f6ae4af4c1d4e16ff68f7') in 0.642829 seconds 
========================================================================
Received Import Request.
  Time since last request: 3.774182 seconds.
  path: Assets/Stylized_Pirate_Ship/StylShip_Unity.prefab
  artifactKey: Guid(a1dcd447bfbb3bc45821f8b436c031d2) Importer(815301076,1909f56bfc062723c751e8b465ee728b)
Start importing Assets/Stylized_Pirate_Ship/StylShip_Unity.prefab using Guid(a1dcd447bfbb3bc45821f8b436c031d2) Importer(815301076,1909f56bfc062723c751e8b465ee728b)  -> (artifact id: 'e89cb13fc1a4ae87874fe1d286a95111') in 0.411771 seconds 
========================================================================
Received Import Request.
  Time since last request: 8.809410 seconds.
  path: Assets/Stylized_Pirate_Ship/StylShip_Scene.unity
  artifactKey: Guid(02ba6be5b3dba7b4db7d3f022f15bbc5) Importer(815301076,1909f56bfc062723c751e8b465ee728b)
Start importing Assets/Stylized_Pirate_Ship/StylShip_Scene.unity using Guid(02ba6be5b3dba7b4db7d3f022f15bbc5) Importer(815301076,1909f56bfc062723c751e8b465ee728b)  -> (artifact id: '291e06368cfc76b8338bf4a7595adcd5') in 0.008851 seconds 
========================================================================
Received Import Request.
  Time since last request: 2.131481 seconds.
  path: Assets/Stylized_Pirate_Ship/StylShip_MatTextures
  artifactKey: Guid(ddda3fc5d9c57ad43b0064fd3a39267b) Importer(815301076,1909f56bfc062723c751e8b465ee728b)
Start importing Assets/Stylized_Pirate_Ship/StylShip_MatTextures using Guid(ddda3fc5d9c57ad43b0064fd3a39267b) Importer(815301076,1909f56bfc062723c751e8b465ee728b)  -> (artifact id: '83bbeafa68407edecd00c6c0d4251c83') in 0.006658 seconds 
========================================================================
Received Import Request.
  Time since last request: 1.054328 seconds.
  path: Assets/Stylized_Pirate_Ship/StylShip_3dModel
  artifactKey: Guid(55ae9ab2c2d3fc94f8503169b1a950d0) Importer(815301076,1909f56bfc062723c751e8b465ee728b)
Start importing Assets/Stylized_Pirate_Ship/StylShip_3dModel using Guid(55ae9ab2c2d3fc94f8503169b1a950d0) Importer(815301076,1909f56bfc062723c751e8b465ee728b)  -> (artifact id: '84d418e83eaa98696ad55b430cbd7b6c') in 0.004821 seconds 
========================================================================
Received Import Request.
  Time since last request: 29.963524 seconds.
  path: Assets/Crates And Barrels Pack Volume 1 - Free Version
  artifactKey: Guid(6e44e9b4dea84bd4e9a76b65089e931e) Importer(815301076,1909f56bfc062723c751e8b465ee728b)
Start importing Assets/Crates And Barrels Pack Volume 1 - Free Version using Guid(6e44e9b4dea84bd4e9a76b65089e931e) Importer(815301076,1909f56bfc062723c751e8b465ee728b)  -> (artifact id: '92958895b0f325c797b88ad35b2df59c') in 0.008781 seconds 
========================================================================
Received Import Request.
  Time since last request: 3.798152 seconds.
  path: Assets/Crates And Barrels Pack Volume 1 - Free Version/Models
  artifactKey: Guid(b4f78cae4db734a408ec20c28407cdcc) Importer(815301076,1909f56bfc062723c751e8b465ee728b)
Start importing Assets/Crates And Barrels Pack Volume 1 - Free Version/Models using Guid(b4f78cae4db734a408ec20c28407cdcc) Importer(815301076,1909f56bfc062723c751e8b465ee728b)  -> (artifact id: 'ef4a212362f8e28401ca3b24afc06377') in 0.006945 seconds 
========================================================================
Received Import Request.
  Time since last request: 0.032465 seconds.
  path: Assets/Crates And Barrels Pack Volume 1 - Free Version/Models/Mod_BigBarrel.fbx
  artifactKey: Guid(8b85581628bc6564e85cd7162b3a6a9e) Importer(815301076,1909f56bfc062723c751e8b465ee728b)
Start importing Assets/Crates And Barrels Pack Volume 1 - Free Version/Models/Mod_BigBarrel.fbx using Guid(8b85581628bc6564e85cd7162b3a6a9e) Importer(815301076,1909f56bfc062723c751e8b465ee728b)  -> (artifact id: '12b329ccfbefcb8b5f43d04dad9c9333') in 0.276567 seconds 
========================================================================
Received Import Request.
  Time since last request: 0.000105 seconds.
  path: Assets/Crates And Barrels Pack Volume 1 - Free Version/Models/Mod_SmallBarrel.fbx
  artifactKey: Guid(b2533a09a2f20164a91a581c4554dcb8) Importer(815301076,1909f56bfc062723c751e8b465ee728b)
Start importing Assets/Crates And Barrels Pack Volume 1 - Free Version/Models/Mod_SmallBarrel.fbx using Guid(b2533a09a2f20164a91a581c4554dcb8) Importer(815301076,1909f56bfc062723c751e8b465ee728b)  -> (artifact id: '89b6167baf99bd18349ebc82f445f0dd') in 0.111436 seconds 
========================================================================
Received Import Request.
  Time since last request: 0.000083 seconds.
  path: Assets/Crates And Barrels Pack Volume 1 - Free Version/Models/Mod_SmallCrate01.fbx
  artifactKey: Guid(83eacf3524c575449b8b7023211c9003) Importer(815301076,1909f56bfc062723c751e8b465ee728b)
Start importing Assets/Crates And Barrels Pack Volume 1 - Free Version/Models/Mod_SmallCrate01.fbx using Guid(83eacf3524c575449b8b7023211c9003) Importer(815301076,1909f56bfc062723c751e8b465ee728b)  -> (artifact id: 'fb0d77db6b48bb499a84b4c2c2df2fb3') in 0.124879 seconds 
========================================================================
Received Import Request.
  Time since last request: 5.649313 seconds.
  path: Assets/Crates And Barrels Pack Volume 1 - Free Version/Materials
  artifactKey: Guid(119f51995f4bc1a42b9818081e4dc0c2) Importer(815301076,1909f56bfc062723c751e8b465ee728b)
Start importing Assets/Crates And Barrels Pack Volume 1 - Free Version/Materials using Guid(119f51995f4bc1a42b9818081e4dc0c2) Importer(815301076,1909f56bfc062723c751e8b465ee728b)  -> (artifact id: 'cd823565385ae25ec199d1b13f18f57f') in 0.004420 seconds 
========================================================================
Received Import Request.
  Time since last request: 0.222393 seconds.
  path: Assets/Crates And Barrels Pack Volume 1 - Free Version/Materials/Mat_CratesAndBarrelsVol1_01.mat
  artifactKey: Guid(c758c5a4b3834b644b1145534af1f7b9) Importer(815301076,1909f56bfc062723c751e8b465ee728b)
Start importing Assets/Crates And Barrels Pack Volume 1 - Free Version/Materials/Mat_CratesAndBarrelsVol1_01.mat using Guid(c758c5a4b3834b644b1145534af1f7b9) Importer(815301076,1909f56bfc062723c751e8b465ee728b)  -> (artifact id: '3066ea252f2b2fef7a806cd736563454') in 0.237100 seconds 
========================================================================
Received Import Request.
  Time since last request: 2.204502 seconds.
  path: Assets/Crates And Barrels Pack Volume 1 - Free Version/Scenes
  artifactKey: Guid(2f15df16b95861b48bb1abd939f4db28) Importer(815301076,1909f56bfc062723c751e8b465ee728b)
Start importing Assets/Crates And Barrels Pack Volume 1 - Free Version/Scenes using Guid(2f15df16b95861b48bb1abd939f4db28) Importer(815301076,1909f56bfc062723c751e8b465ee728b)  -> (artifact id: '6bddbee9fe7148c5be0c72320780ece2') in 0.003797 seconds 
========================================================================
Received Import Request.
  Time since last request: 2.274216 seconds.
  path: Assets/Crates And Barrels Pack Volume 1 - Free Version/Prefabs
  artifactKey: Guid(9f72090c12fd35049af3f3c813d6afc2) Importer(815301076,1909f56bfc062723c751e8b465ee728b)
Start importing Assets/Crates And Barrels Pack Volume 1 - Free Version/Prefabs using Guid(9f72090c12fd35049af3f3c813d6afc2) Importer(815301076,1909f56bfc062723c751e8b465ee728b)  -> (artifact id: '8307b63c25cdc9d7095ec6d70eba388d') in 0.004167 seconds 
========================================================================
Received Import Request.
  Time since last request: 0.240938 seconds.
  path: Assets/Crates And Barrels Pack Volume 1 - Free Version/Prefabs/Prefab_BigBarrel_color01.prefab
  artifactKey: Guid(ae95d385019def448981b67e58f4dcc2) Importer(815301076,1909f56bfc062723c751e8b465ee728b)
Start importing Assets/Crates And Barrels Pack Volume 1 - Free Version/Prefabs/Prefab_BigBarrel_color01.prefab using Guid(ae95d385019def448981b67e58f4dcc2) Importer(815301076,1909f56bfc062723c751e8b465ee728b)  -> (artifact id: '476f2ad83ed16347ae85a6664189efbe') in 0.155279 seconds 
========================================================================
Received Import Request.
  Time since last request: 0.000075 seconds.
  path: Assets/Crates And Barrels Pack Volume 1 - Free Version/Prefabs/Prefab_SmallCrate02_color01.prefab
  artifactKey: Guid(881bb6ae806c1b74284970a42224d2ea) Importer(815301076,1909f56bfc062723c751e8b465ee728b)
Start importing Assets/Crates And Barrels Pack Volume 1 - Free Version/Prefabs/Prefab_SmallCrate02_color01.prefab using Guid(881bb6ae806c1b74284970a42224d2ea) Importer(815301076,1909f56bfc062723c751e8b465ee728b)  -> (artifact id: '0f54529e6ac6996b5dbf98665cf15031') in 0.105063 seconds 
========================================================================
Received Import Request.
  Time since last request: 0.000094 seconds.
  path: Assets/Crates And Barrels Pack Volume 1 - Free Version/Prefabs/Prefab_SmallCrate01_color01.prefab
  artifactKey: Guid(e161b7c24a4b90e42ab7026e6b4dddaf) Importer(815301076,1909f56bfc062723c751e8b465ee728b)
Start importing Assets/Crates And Barrels Pack Volume 1 - Free Version/Prefabs/Prefab_SmallCrate01_color01.prefab using Guid(e161b7c24a4b90e42ab7026e6b4dddaf) Importer(815301076,1909f56bfc062723c751e8b465ee728b)  -> (artifact id: '9e85ba2dd3761c498e800dde20a751f6') in 0.122687 seconds 
========================================================================
Received Prepare
Registering precompiled user dll's ...
Registered in 0.016195 seconds.
Begin MonoManager ReloadAssembly
Symbol file LoadedFromMemory doesn't match image C:\Users\tmonc\Documents\GitHub\Conquest_Of_The_West\Library\PackageCache\com.unity.visualscripting@1.7.8\Editor\VisualScripting.Core\Dependencies\YamlDotNet\Unity.VisualScripting.YamlDotNet.dll
Symbol file LoadedFromMemory doesn't match image C:\Users\tmonc\Documents\GitHub\Conquest_Of_The_West\Library\PackageCache\com.unity.visualscripting@1.7.8\Editor\VisualScripting.Core\Dependencies\DotNetZip\Unity.VisualScripting.IonicZip.dll
Native extension for WindowsStandalone target not found
Native extension for WebGL target not found
Refreshing native plugins compatible for Editor in 2.77 ms, found 3 plugins.
Preloading 0 native plugins for Editor in 0.00 ms.
Mono: successfully reloaded assembly
- Completed reload, in  3.802 seconds
Domain Reload Profiling:
	ReloadAssembly (3804ms)
		BeginReloadAssembly (511ms)
			ExecutionOrderSort (0ms)
			DisableScriptedObjects (14ms)
			BackupInstance (0ms)
			ReleaseScriptingObjects (0ms)
			CreateAndSetChildDomain (133ms)
		EndReloadAssembly (2927ms)
			LoadAssemblies (382ms)
			RebuildTransferFunctionScriptingTraits (0ms)
			SetupTypeCache (1023ms)
			ReleaseScriptCaches (3ms)
			RebuildScriptCaches (145ms)
			SetupLoadedEditorAssemblies (1208ms)
				LogAssemblyErrors (0ms)
				InitializePlatformSupportModulesInManaged (90ms)
				SetLoadedEditorAssemblies (4ms)
				RefreshPlugins (3ms)
				BeforeProcessingInitializeOnLoad (269ms)
				ProcessInitializeOnLoadAttributes (725ms)
				ProcessInitializeOnLoadMethodAttributes (84ms)
				AfterProcessingInitializeOnLoad (32ms)
				EditorAssembliesLoaded (1ms)
			ExecutionOrderSort2 (0ms)
			AwakeInstancesAfterBackupRestoration (29ms)
Platform modules already initialized, skipping
Refreshing native plugins compatible for Editor in 6.88 ms, found 3 plugins.
Preloading 0 native plugins for Editor in 0.00 ms.
Unloading 3517 Unused Serialized files (Serialized files now loaded: 0)
Unloading 31 unused Assets / (1.2 MB). Loaded Objects now: 4105.
Memory consumption went from 157.2 MB to 156.1 MB.
Total: 12.553800 ms (FindLiveObjects: 1.056300 ms CreateObjectMapping: 0.764800 ms MarkObjects: 9.982000 ms  DeleteObjects: 0.748100 ms)

AssetImportParameters requested are different than current active one (requested -> active):
  custom:video-decoder-ogg-theora: a1e56fd34408186e4bbccfd4996cb3dc -> 
  custom:container-muxer-webm: aa71ff27fc2769a1b78a27578f13a17b -> 
  custom:container-demuxer-webm: 4f35f7cbe854078d1ac9338744f61a02 -> 
  custom:video-encoder-webm-vp8: eb34c28f22e8b96e1ab97ce403110664 -> 
  custom:audio-encoder-webm-vorbis: bf7c407c2cedff20999df2af8eb42d56 -> 
  custom:framework-win-MediaFoundation: 216162199b28c13a410421893ffa2e32 -> 
  custom:container-demuxer-ogg: 62fdf1f143b41e24485cea50d1cbac27 -> 
  custom:video-decoder-webm-vp8: 9c59270c3fd7afecdb556c50c9e8de78 -> 
  custom:audio-decoder-ogg-vorbis: bf7c407c2cedff20999df2af8eb42d56 -> 
